[0.009s] Invoking command in '/home/santi/imav_ws/src/window_msg/build/window_msg': CMAKE_PREFIX_PATH=${CMAKE_PREFIX_PATH}:/home/santi/imav_ws/install/imav24:/opt/ros/humble /usr/bin/cmake /home/santi/imav_ws/src/window_msg -DCMAKE_INSTALL_PREFIX=/home/santi/imav_ws/src/window_msg/install/window_msg
[0.074s] -- The C compiler identification is GNU 11.4.0
[0.118s] -- The CXX compiler identification is GNU 11.4.0
[0.124s] -- Detecting C compiler ABI info
[0.183s] -- Detecting C compiler ABI info - done
[0.188s] -- Check for working C compiler: /usr/bin/cc - skipped
[0.188s] -- Detecting C compile features
[0.188s] -- Detecting C compile features - done
[0.190s] -- Detecting CXX compiler ABI info
[0.258s] -- Detecting CXX compiler ABI info - done
[0.262s] -- Check for working CXX compiler: /usr/bin/c++ - skipped
[0.262s] -- Detecting CXX compile features
[0.263s] -- Detecting CXX compile features - done
[0.265s] -- Found ament_cmake: 1.3.10 (/opt/ros/humble/share/ament_cmake/cmake)
[0.372s] -- Found Python3: /usr/bin/python3 (found version "3.10.12") found components: Interpreter 
[0.432s] -- Found ament_lint_auto: 0.12.11 (/opt/ros/humble/share/ament_lint_auto/cmake)
[0.483s] -- Found geometry_msgs: 4.2.4 (/opt/ros/humble/share/geometry_msgs/cmake)
[0.509s] -- Found rosidl_generator_c: 3.1.5 (/opt/ros/humble/share/rosidl_generator_c/cmake)
[0.512s] -- Found rosidl_adapter: 3.1.5 (/opt/ros/humble/share/rosidl_adapter/cmake)
[0.518s] -- Found rosidl_generator_cpp: 3.1.5 (/opt/ros/humble/share/rosidl_generator_cpp/cmake)
[0.526s] -- Using all available rosidl_typesupport_c: rosidl_typesupport_fastrtps_c;rosidl_typesupport_introspection_c
[0.536s] -- Using all available rosidl_typesupport_cpp: rosidl_typesupport_fastrtps_cpp;rosidl_typesupport_introspection_cpp
[0.562s] -- Found rosidl_default_generators: 1.2.0 (/opt/ros/humble/share/rosidl_default_generators/cmake)
[0.657s] [31mCMake Error at /opt/ros/humble/share/rosidl_cmake/cmake/rosidl_generate_interfaces.cmake:162 (message):
[0.658s]   rosidl_generate_interfaces() the passed dependency 'ament_package' has not
[0.658s]   been found before using find_package()
[0.658s] Call Stack (most recent call first):
[0.658s]   CMakeLists.txt:29 (rosidl_generate_interfaces)
[0.658s] 
[0.658s] [0m
[0.658s] -- Configuring incomplete, errors occurred!
[0.658s] See also "/home/santi/imav_ws/src/window_msg/build/window_msg/CMakeFiles/CMakeOutput.log".
[0.664s] Invoked command in '/home/santi/imav_ws/src/window_msg/build/window_msg' returned '1': CMAKE_PREFIX_PATH=${CMAKE_PREFIX_PATH}:/home/santi/imav_ws/install/imav24:/opt/ros/humble /usr/bin/cmake /home/santi/imav_ws/src/window_msg -DCMAKE_INSTALL_PREFIX=/home/santi/imav_ws/src/window_msg/install/window_msg
