[0.073s] DEBUG:colcon:Command line arguments: ['/usr/bin/colcon', 'build', '--packages-select', 'window_msg']
[0.073s] DEBUG:colcon:Parsed command line arguments: Namespace(log_base=None, log_level=None, verb_name='build', build_base='build', install_base='install', merge_install=False, symlink_install=False, test_result_base=None, continue_on_error=False, executor='parallel', parallel_workers=16, event_handlers=None, ignore_user_meta=False, metas=['./colcon.meta'], base_paths=['.'], packages_ignore=None, packages_ignore_regex=None, paths=None, packages_up_to=None, packages_up_to_regex=None, packages_above=None, packages_above_and_dependencies=None, packages_above_depth=None, packages_select_by_dep=None, packages_skip_by_dep=None, packages_skip_up_to=None, packages_select_build_failed=False, packages_skip_build_finished=False, packages_select_test_failures=False, packages_skip_test_passed=False, packages_select=['window_msg'], packages_skip=None, packages_select_regex=None, packages_skip_regex=None, packages_start=None, packages_end=None, allow_overriding=[], cmake_args=None, cmake_target=None, cmake_target_skip_unavailable=False, cmake_clean_cache=False, cmake_clean_first=False, cmake_force_configure=False, ament_cmake_args=None, catkin_cmake_args=None, catkin_skip_building_tests=False, mixin_files=None, mixin=None, verb_parser=<colcon_mixin.mixin.mixin_argument.MixinArgumentDecorator object at 0x74e0c6c37850>, verb_extension=<colcon_core.verb.build.BuildVerb object at 0x74e0c6c37130>, main=<bound method BuildVerb.main of <colcon_core.verb.build.BuildVerb object at 0x74e0c6c37130>>, mixin_verb=('build',))
[0.192s] Level 1:colcon.colcon_core.package_discovery:discover_packages(colcon_meta) check parameters
[0.192s] Level 1:colcon.colcon_core.package_discovery:discover_packages(recursive) check parameters
[0.192s] Level 1:colcon.colcon_core.package_discovery:discover_packages(ignore) check parameters
[0.192s] Level 1:colcon.colcon_core.package_discovery:discover_packages(path) check parameters
[0.192s] Level 1:colcon.colcon_core.package_discovery:discover_packages(colcon_meta) discover
[0.192s] Level 1:colcon.colcon_core.package_discovery:discover_packages(recursive) discover
[0.192s] INFO:colcon.colcon_core.package_discovery:Crawling recursively for packages in '/home/santi/imav_ws/src/window_msg'
[0.193s] Level 1:colcon.colcon_core.package_identification:_identify(.) by extensions ['ignore', 'ignore_ament_install']
[0.193s] Level 1:colcon.colcon_core.package_identification:_identify(.) by extension 'ignore'
[0.193s] Level 1:colcon.colcon_core.package_identification:_identify(.) by extension 'ignore_ament_install'
[0.193s] Level 1:colcon.colcon_core.package_identification:_identify(.) by extensions ['colcon_pkg']
[0.193s] Level 1:colcon.colcon_core.package_identification:_identify(.) by extension 'colcon_pkg'
[0.193s] Level 1:colcon.colcon_core.package_identification:_identify(.) by extensions ['colcon_meta']
[0.193s] Level 1:colcon.colcon_core.package_identification:_identify(.) by extension 'colcon_meta'
[0.193s] Level 1:colcon.colcon_core.package_identification:_identify(.) by extensions ['ros']
[0.193s] Level 1:colcon.colcon_core.package_identification:_identify(.) by extension 'ros'
[0.201s] DEBUG:colcon.colcon_core.package_identification:Package '.' with type 'ros.ament_cmake' and name 'window_msg'
[0.201s] Level 1:colcon.colcon_core.package_discovery:discover_packages(recursive) using defaults
[0.201s] Level 1:colcon.colcon_core.package_discovery:discover_packages(ignore) discover
[0.201s] Level 1:colcon.colcon_core.package_discovery:discover_packages(ignore) using defaults
[0.201s] Level 1:colcon.colcon_core.package_discovery:discover_packages(path) discover
[0.201s] Level 1:colcon.colcon_core.package_discovery:discover_packages(path) using defaults
[0.214s] Level 1:colcon.colcon_core.package_discovery:discover_packages(prefix_path) check parameters
[0.214s] Level 1:colcon.colcon_core.package_discovery:discover_packages(prefix_path) discover
[0.215s] DEBUG:colcon.colcon_installed_package_information.package_discovery:Found 3 installed packages in /home/santi/imav_ws/install
[0.216s] DEBUG:colcon.colcon_installed_package_information.package_discovery:Found 291 installed packages in /opt/ros/humble
[0.217s] Level 1:colcon.colcon_core.package_discovery:discover_packages(prefix_path) using defaults
[0.250s] Level 5:colcon.colcon_core.verb:set package 'window_msg' build argument 'cmake_args' from command line to 'None'
[0.250s] Level 5:colcon.colcon_core.verb:set package 'window_msg' build argument 'cmake_target' from command line to 'None'
[0.250s] Level 5:colcon.colcon_core.verb:set package 'window_msg' build argument 'cmake_target_skip_unavailable' from command line to 'False'
[0.250s] Level 5:colcon.colcon_core.verb:set package 'window_msg' build argument 'cmake_clean_cache' from command line to 'False'
[0.250s] Level 5:colcon.colcon_core.verb:set package 'window_msg' build argument 'cmake_clean_first' from command line to 'False'
[0.250s] Level 5:colcon.colcon_core.verb:set package 'window_msg' build argument 'cmake_force_configure' from command line to 'False'
[0.250s] Level 5:colcon.colcon_core.verb:set package 'window_msg' build argument 'ament_cmake_args' from command line to 'None'
[0.250s] Level 5:colcon.colcon_core.verb:set package 'window_msg' build argument 'catkin_cmake_args' from command line to 'None'
[0.250s] Level 5:colcon.colcon_core.verb:set package 'window_msg' build argument 'catkin_skip_building_tests' from command line to 'False'
[0.250s] DEBUG:colcon.colcon_core.verb:Building package 'window_msg' with the following arguments: {'ament_cmake_args': None, 'build_base': '/home/santi/imav_ws/src/window_msg/build/window_msg', 'catkin_cmake_args': None, 'catkin_skip_building_tests': False, 'cmake_args': None, 'cmake_clean_cache': False, 'cmake_clean_first': False, 'cmake_force_configure': False, 'cmake_target': None, 'cmake_target_skip_unavailable': False, 'install_base': '/home/santi/imav_ws/src/window_msg/install/window_msg', 'merge_install': False, 'path': '/home/santi/imav_ws/src/window_msg', 'symlink_install': False, 'test_result_base': None}
[0.250s] INFO:colcon.colcon_core.executor:Executing jobs using 'parallel' executor
[0.251s] DEBUG:colcon.colcon_parallel_executor.executor.parallel:run_until_complete
[0.285s] INFO:colcon.colcon_ros.task.ament_cmake.build:Building ROS package in '/home/santi/imav_ws/src/window_msg' with build type 'ament_cmake'
[0.286s] INFO:colcon.colcon_cmake.task.cmake.build:Building CMake package in '/home/santi/imav_ws/src/window_msg'
[0.288s] INFO:colcon.colcon_core.plugin_system:Skipping extension 'colcon_core.shell.bat': Not used on non-Windows systems
[0.288s] INFO:colcon.colcon_core.shell:Skip shell extension 'powershell' for command environment: Not usable outside of PowerShell
[0.288s] DEBUG:colcon.colcon_core.shell:Skip shell extension 'dsv' for command environment
[0.296s] DEBUG:colcon.colcon_core.event_handler.log_command:Invoking command in '/home/santi/imav_ws/src/window_msg/build/window_msg': CMAKE_PREFIX_PATH=${CMAKE_PREFIX_PATH}:/home/santi/imav_ws/install/imav24:/opt/ros/humble /usr/bin/cmake /home/santi/imav_ws/src/window_msg -DCMAKE_INSTALL_PREFIX=/home/santi/imav_ws/src/window_msg/install/window_msg
[0.548s] DEBUG:colcon.colcon_core.event_handler.log_command:Invoked command in '/home/santi/imav_ws/src/window_msg/build/window_msg' returned '1': CMAKE_PREFIX_PATH=${CMAKE_PREFIX_PATH}:/home/santi/imav_ws/install/imav24:/opt/ros/humble /usr/bin/cmake /home/santi/imav_ws/src/window_msg -DCMAKE_INSTALL_PREFIX=/home/santi/imav_ws/src/window_msg/install/window_msg
[0.559s] Level 1:colcon.colcon_core.environment:create_environment_scripts_only(window_msg)
[0.561s] Level 1:colcon.colcon_core.environment:checking '/home/santi/imav_ws/src/window_msg/install/window_msg' for CMake module files
[0.561s] Level 1:colcon.colcon_core.environment:checking '/home/santi/imav_ws/src/window_msg/install/window_msg' for CMake config files
[0.562s] Level 1:colcon.colcon_core.environment:checking '/home/santi/imav_ws/src/window_msg/install/window_msg/bin'
[0.562s] Level 1:colcon.colcon_core.environment:checking '/home/santi/imav_ws/src/window_msg/install/window_msg/lib/pkgconfig/window_msg.pc'
[0.562s] Level 1:colcon.colcon_core.environment:checking '/home/santi/imav_ws/src/window_msg/install/window_msg/lib/python3.10/site-packages'
[0.562s] Level 1:colcon.colcon_core.environment:checking '/home/santi/imav_ws/src/window_msg/install/window_msg/bin'
[0.562s] INFO:colcon.colcon_core.shell:Creating package script '/home/santi/imav_ws/src/window_msg/install/window_msg/share/window_msg/package.ps1'
[0.563s] INFO:colcon.colcon_core.shell:Creating package descriptor '/home/santi/imav_ws/src/window_msg/install/window_msg/share/window_msg/package.dsv'
[0.563s] INFO:colcon.colcon_core.shell:Creating package script '/home/santi/imav_ws/src/window_msg/install/window_msg/share/window_msg/package.sh'
[0.563s] INFO:colcon.colcon_core.shell:Creating package script '/home/santi/imav_ws/src/window_msg/install/window_msg/share/window_msg/package.bash'
[0.564s] INFO:colcon.colcon_core.shell:Creating package script '/home/santi/imav_ws/src/window_msg/install/window_msg/share/window_msg/package.zsh'
[0.564s] Level 1:colcon.colcon_core.environment:create_file_with_runtime_dependencies(/home/santi/imav_ws/src/window_msg/install/window_msg/share/colcon-core/packages/window_msg)
[0.574s] DEBUG:colcon.colcon_parallel_executor.executor.parallel:closing loop
[0.575s] DEBUG:colcon.colcon_parallel_executor.executor.parallel:loop closed
[0.575s] DEBUG:colcon.colcon_parallel_executor.executor.parallel:run_until_complete finished with '1'
[0.575s] DEBUG:colcon.colcon_core.event_reactor:joining thread
[0.579s] INFO:colcon.colcon_core.plugin_system:Skipping extension 'colcon_notification.desktop_notification.terminal_notifier': Not used on non-Darwin systems
[0.579s] INFO:colcon.colcon_core.plugin_system:Skipping extension 'colcon_notification.desktop_notification.win32': Not used on non-Windows systems
[0.579s] INFO:colcon.colcon_notification.desktop_notification:Sending desktop notification using 'notify2'
[0.587s] DEBUG:colcon.colcon_core.event_reactor:joined thread
[0.588s] INFO:colcon.colcon_core.shell:Creating prefix script '/home/santi/imav_ws/src/window_msg/install/local_setup.ps1'
[0.589s] INFO:colcon.colcon_core.shell:Creating prefix util module '/home/santi/imav_ws/src/window_msg/install/_local_setup_util_ps1.py'
[0.589s] INFO:colcon.colcon_core.shell:Creating prefix chain script '/home/santi/imav_ws/src/window_msg/install/setup.ps1'
[0.590s] INFO:colcon.colcon_core.shell:Creating prefix script '/home/santi/imav_ws/src/window_msg/install/local_setup.sh'
[0.590s] INFO:colcon.colcon_core.shell:Creating prefix util module '/home/santi/imav_ws/src/window_msg/install/_local_setup_util_sh.py'
[0.591s] INFO:colcon.colcon_core.shell:Creating prefix chain script '/home/santi/imav_ws/src/window_msg/install/setup.sh'
[0.591s] INFO:colcon.colcon_core.shell:Creating prefix script '/home/santi/imav_ws/src/window_msg/install/local_setup.bash'
[0.591s] INFO:colcon.colcon_core.shell:Creating prefix chain script '/home/santi/imav_ws/src/window_msg/install/setup.bash'
[0.592s] INFO:colcon.colcon_core.shell:Creating prefix script '/home/santi/imav_ws/src/window_msg/install/local_setup.zsh'
[0.592s] INFO:colcon.colcon_core.shell:Creating prefix chain script '/home/santi/imav_ws/src/window_msg/install/setup.zsh'
