-- Found ament_cmake: 1.3.10 (/opt/ros/humble/share/ament_cmake/cmake)
-- Found geometry_msgs: 4.2.4 (/opt/ros/humble/share/geometry_msgs/cmake)
-- Found rosidl_generator_c: 3.1.5 (/opt/ros/humble/share/rosidl_generator_c/cmake)
-- Found rosidl_adapter: 3.1.5 (/opt/ros/humble/share/rosidl_adapter/cmake)
-- Found rosidl_generator_cpp: 3.1.5 (/opt/ros/humble/share/rosidl_generator_cpp/cmake)
-- Using all available rosidl_typesupport_c: rosidl_typesupport_fastrtps_c;rosidl_typesupport_introspection_c
-- Using all available rosidl_typesupport_cpp: rosidl_typesupport_fastrtps_cpp;rosidl_typesupport_introspection_cpp
-- Found rosidl_default_generators: 1.2.0 (/opt/ros/humble/share/rosidl_default_generators/cmake)
-- Found ament_cmake_ros: 0.10.0 (/opt/ros/humble/share/ament_cmake_ros/cmake)
-- Using all available rosidl_typesupport_c: rosidl_typesupport_fastrtps_c;rosidl_typesupport_introspection_c
-- Using all available rosidl_typesupport_cpp: rosidl_typesupport_fastrtps_cpp;rosidl_typesupport_introspection_cpp
-- Found PythonInterp: /usr/bin/python3 (found suitable version "3.10.12", minimum required is "3.6") 
-- Found python_cmake_module: 0.10.0 (/opt/ros/humble/share/python_cmake_module/cmake)
-- Found PythonLibs: /usr/lib/x86_64-linux-gnu/libpython3.10.so (found suitable version "3.10.12", minimum required is "3.5") 
-- Using PYTHON_EXECUTABLE: /usr/bin/python3
-- Using PYTHON_INCLUDE_DIRS: /usr/include/python3.10
-- Using PYTHON_LIBRARIES: /usr/lib/x86_64-linux-gnu/libpython3.10.so
-- Found PythonExtra: .so  
-- Found ament_lint_auto: 0.12.11 (/opt/ros/humble/share/ament_lint_auto/cmake)
-- Added test 'cppcheck' to perform static code analysis on C / C++ code
-- Configured cppcheck include dirs: $<BUILD_INTERFACE:/home/santi/imav_ws/src/window_msg/build/window_msg/rosidl_generator_c>;$<BUILD_INTERFACE:/home/santi/imav_ws/src/window_msg/build/window_msg/rosidl_typesupport_fastrtps_c>;$<BUILD_INTERFACE:/home/santi/imav_ws/src/window_msg/build/window_msg/rosidl_generator_cpp>;$<BUILD_INTERFACE:/home/santi/imav_ws/src/window_msg/build/window_msg/rosidl_typesupport_fastrtps_cpp>;$<BUILD_INTERFACE:/home/santi/imav_ws/src/window_msg/build/window_msg/rosidl_typesupport_introspection_c>;$<BUILD_INTERFACE:/home/santi/imav_ws/src/window_msg/build/window_msg/rosidl_typesupport_introspection_cpp>;/home/santi/imav_ws/src/window_msg/build/window_msg/rosidl_generator_c;/home/santi/imav_ws/src/window_msg/build/window_msg/rosidl_generator_py
-- Configured cppcheck exclude dirs and/or files: 
-- Added test 'flake8' to check Python code syntax and style conventions
-- Added test 'lint_cmake' to check CMake code style
-- Added test 'pep257' to check Python code against some of the docstring style conventions in PEP 257
-- Added test 'uncrustify' to check C / C++ code style
-- Configured uncrustify additional arguments: 
-- Added test 'xmllint' to check XML markup files
-- Configuring done
-- Generating done
-- Build files have been written to: /home/santi/imav_ws/src/window_msg/build/window_msg
[  2%] [34m[1mGenerating C code for ROS interfaces[0m
[  5%] [34m[1mGenerating C++ code for ROS interfaces[0m
[  5%] Built target ament_cmake_python_copy_window_msg
[  5%] Built target window_msg__cpp
[ 12%] [34m[1mGenerating C++ type support for eProsima Fast-RTPS[0m
[ 12%] [34m[1mGenerating C++ type support dispatch for ROS interfaces[0m
[ 12%] [34m[1mGenerating C++ introspection for ROS interfaces[0m
[ 17%] [32mBuilding C object CMakeFiles/window_msg__rosidl_generator_c.dir/rosidl_generator_c/window_msg/msg/detail/num__functions.c.o[0m
[ 17%] [32mBuilding C object CMakeFiles/window_msg__rosidl_generator_c.dir/rosidl_generator_c/window_msg/msg/detail/sphere__functions.c.o[0m
running egg_info
creating window_msg.egg-info
writing window_msg.egg-info/PKG-INFO
writing dependency_links to window_msg.egg-info/dependency_links.txt
writing top-level names to window_msg.egg-info/top_level.txt
writing manifest file 'window_msg.egg-info/SOURCES.txt'
reading manifest file 'window_msg.egg-info/SOURCES.txt'
writing manifest file 'window_msg.egg-info/SOURCES.txt'
[ 17%] Built target ament_cmake_python_build_window_msg_egg
[ 20%] [32m[1mLinking C shared library libwindow_msg__rosidl_generator_c.so[0m
[ 20%] Built target window_msg__rosidl_generator_c
[ 28%] [34m[1mGenerating C type support for eProsima Fast-RTPS[0m
[ 28%] [34m[1mGenerating C type support dispatch for ROS interfaces[0m
[ 28%] [34m[1mGenerating C introspection for ROS interfaces[0m
[ 33%] [32mBuilding CXX object CMakeFiles/window_msg__rosidl_typesupport_cpp.dir/rosidl_typesupport_cpp/window_msg/msg/num__type_support.cpp.o[0m
[ 33%] [32mBuilding CXX object CMakeFiles/window_msg__rosidl_typesupport_cpp.dir/rosidl_typesupport_cpp/window_msg/msg/sphere__type_support.cpp.o[0m
[ 35%] [32mBuilding CXX object CMakeFiles/window_msg__rosidl_typesupport_introspection_cpp.dir/rosidl_typesupport_introspection_cpp/window_msg/msg/detail/num__type_support.cpp.o[0m
[ 38%] [32mBuilding CXX object CMakeFiles/window_msg__rosidl_typesupport_introspection_cpp.dir/rosidl_typesupport_introspection_cpp/window_msg/msg/detail/sphere__type_support.cpp.o[0m
[ 41%] [32mBuilding CXX object CMakeFiles/window_msg__rosidl_typesupport_fastrtps_cpp.dir/rosidl_typesupport_fastrtps_cpp/window_msg/msg/detail/dds_fastrtps/num__type_support.cpp.o[0m
[ 43%] [32mBuilding CXX object CMakeFiles/window_msg__rosidl_typesupport_fastrtps_cpp.dir/rosidl_typesupport_fastrtps_cpp/window_msg/msg/detail/dds_fastrtps/sphere__type_support.cpp.o[0m
[ 46%] [32mBuilding CXX object CMakeFiles/window_msg__rosidl_typesupport_c.dir/rosidl_typesupport_c/window_msg/msg/sphere__type_support.cpp.o[0m
[ 48%] [32mBuilding CXX object CMakeFiles/window_msg__rosidl_typesupport_c.dir/rosidl_typesupport_c/window_msg/msg/num__type_support.cpp.o[0m
[ 51%] [32mBuilding C object CMakeFiles/window_msg__rosidl_typesupport_introspection_c.dir/rosidl_typesupport_introspection_c/window_msg/msg/detail/num__type_support.c.o[0m
[ 53%] [32mBuilding C object CMakeFiles/window_msg__rosidl_typesupport_introspection_c.dir/rosidl_typesupport_introspection_c/window_msg/msg/detail/sphere__type_support.c.o[0m
[ 56%] [32m[1mLinking CXX shared library libwindow_msg__rosidl_typesupport_c.so[0m
[ 61%] [32mBuilding CXX object CMakeFiles/window_msg__rosidl_typesupport_fastrtps_c.dir/rosidl_typesupport_fastrtps_c/window_msg/msg/detail/sphere__type_support_c.cpp.o[0m
[ 61%] [32mBuilding CXX object CMakeFiles/window_msg__rosidl_typesupport_fastrtps_c.dir/rosidl_typesupport_fastrtps_c/window_msg/msg/detail/num__type_support_c.cpp.o[0m
[ 64%] [32m[1mLinking C shared library libwindow_msg__rosidl_typesupport_introspection_c.so[0m
[ 64%] Built target window_msg__rosidl_typesupport_c
[ 64%] Built target window_msg__rosidl_typesupport_introspection_c
[ 66%] [32m[1mLinking CXX shared library libwindow_msg__rosidl_typesupport_cpp.so[0m
[ 66%] Built target window_msg__rosidl_typesupport_cpp
[ 69%] [32m[1mLinking CXX shared library libwindow_msg__rosidl_typesupport_introspection_cpp.so[0m
[ 69%] Built target window_msg__rosidl_typesupport_introspection_cpp
[ 71%] [32m[1mLinking CXX shared library libwindow_msg__rosidl_typesupport_fastrtps_cpp.so[0m
[ 74%] [32m[1mLinking CXX shared library libwindow_msg__rosidl_typesupport_fastrtps_c.so[0m
[ 74%] Built target window_msg__rosidl_typesupport_fastrtps_cpp
[ 74%] Built target window_msg__rosidl_typesupport_fastrtps_c
[ 74%] Built target window_msg
[ 76%] [34m[1mGenerating Python code for ROS interfaces[0m
[ 76%] Built target window_msg__py
[ 79%] [32mBuilding C object CMakeFiles/window_msg__rosidl_generator_py.dir/rosidl_generator_py/window_msg/msg/_num_s.c.o[0m
[ 82%] [32mBuilding C object CMakeFiles/window_msg__rosidl_generator_py.dir/rosidl_generator_py/window_msg/msg/_sphere_s.c.o[0m
[ 84%] [32m[1mLinking C shared library rosidl_generator_py/window_msg/libwindow_msg__rosidl_generator_py.so[0m
[ 84%] Built target window_msg__rosidl_generator_py
[ 92%] [32mBuilding C object CMakeFiles/window_msg__rosidl_typesupport_c__pyext.dir/rosidl_generator_py/window_msg/_window_msg_s.ep.rosidl_typesupport_c.c.o[0m
[ 92%] [32mBuilding C object CMakeFiles/window_msg__rosidl_typesupport_introspection_c__pyext.dir/rosidl_generator_py/window_msg/_window_msg_s.ep.rosidl_typesupport_introspection_c.c.o[0m
[ 92%] [32mBuilding C object CMakeFiles/window_msg__rosidl_typesupport_fastrtps_c__pyext.dir/rosidl_generator_py/window_msg/_window_msg_s.ep.rosidl_typesupport_fastrtps_c.c.o[0m
[100%] [32m[1mLinking C shared library rosidl_generator_py/window_msg/window_msg_s__rosidl_typesupport_introspection_c.cpython-310-x86_64-linux-gnu.so[0m
[100%] [32m[1mLinking C shared library rosidl_generator_py/window_msg/window_msg_s__rosidl_typesupport_fastrtps_c.cpython-310-x86_64-linux-gnu.so[0m
[100%] [32m[1mLinking C shared library rosidl_generator_py/window_msg/window_msg_s__rosidl_typesupport_c.cpython-310-x86_64-linux-gnu.so[0m
[100%] Built target window_msg__rosidl_typesupport_introspection_c__pyext
[100%] Built target window_msg__rosidl_typesupport_c__pyext
[100%] Built target window_msg__rosidl_typesupport_fastrtps_c__pyext
-- Install configuration: ""
-- Installing: /home/santi/imav_ws/src/window_msg/install/window_msg/share/ament_index/resource_index/rosidl_interfaces/window_msg
-- Installing: /home/santi/imav_ws/src/window_msg/install/window_msg/include/window_msg/window_msg
-- Installing: /home/santi/imav_ws/src/window_msg/install/window_msg/include/window_msg/window_msg/msg
-- Installing: /home/santi/imav_ws/src/window_msg/install/window_msg/include/window_msg/window_msg/msg/detail
-- Installing: /home/santi/imav_ws/src/window_msg/install/window_msg/include/window_msg/window_msg/msg/detail/sphere__type_support.h
-- Installing: /home/santi/imav_ws/src/window_msg/install/window_msg/include/window_msg/window_msg/msg/detail/num__functions.h
-- Installing: /home/santi/imav_ws/src/window_msg/install/window_msg/include/window_msg/window_msg/msg/detail/num__functions.c
-- Installing: /home/santi/imav_ws/src/window_msg/install/window_msg/include/window_msg/window_msg/msg/detail/sphere__struct.h
-- Installing: /home/santi/imav_ws/src/window_msg/install/window_msg/include/window_msg/window_msg/msg/detail/sphere__functions.h
-- Installing: /home/santi/imav_ws/src/window_msg/install/window_msg/include/window_msg/window_msg/msg/detail/num__struct.h
-- Installing: /home/santi/imav_ws/src/window_msg/install/window_msg/include/window_msg/window_msg/msg/detail/num__type_support.h
-- Installing: /home/santi/imav_ws/src/window_msg/install/window_msg/include/window_msg/window_msg/msg/detail/sphere__functions.c
-- Installing: /home/santi/imav_ws/src/window_msg/install/window_msg/include/window_msg/window_msg/msg/rosidl_generator_c__visibility_control.h
-- Installing: /home/santi/imav_ws/src/window_msg/install/window_msg/include/window_msg/window_msg/msg/sphere.h
-- Installing: /home/santi/imav_ws/src/window_msg/install/window_msg/include/window_msg/window_msg/msg/num.h
-- Installing: /home/santi/imav_ws/src/window_msg/install/window_msg/share/window_msg/environment/library_path.sh
-- Installing: /home/santi/imav_ws/src/window_msg/install/window_msg/share/window_msg/environment/library_path.dsv
-- Installing: /home/santi/imav_ws/src/window_msg/install/window_msg/lib/libwindow_msg__rosidl_generator_c.so
-- Set runtime path of "/home/santi/imav_ws/src/window_msg/install/window_msg/lib/libwindow_msg__rosidl_generator_c.so" to ""
-- Up-to-date: /home/santi/imav_ws/src/window_msg/install/window_msg/include/window_msg/window_msg
-- Up-to-date: /home/santi/imav_ws/src/window_msg/install/window_msg/include/window_msg/window_msg/msg
-- Up-to-date: /home/santi/imav_ws/src/window_msg/install/window_msg/include/window_msg/window_msg/msg/detail
-- Installing: /home/santi/imav_ws/src/window_msg/install/window_msg/include/window_msg/window_msg/msg/detail/sphere__rosidl_typesupport_fastrtps_c.h
-- Installing: /home/santi/imav_ws/src/window_msg/install/window_msg/include/window_msg/window_msg/msg/detail/num__rosidl_typesupport_fastrtps_c.h
-- Installing: /home/santi/imav_ws/src/window_msg/install/window_msg/include/window_msg/window_msg/msg/rosidl_typesupport_fastrtps_c__visibility_control.h
-- Installing: /home/santi/imav_ws/src/window_msg/install/window_msg/lib/libwindow_msg__rosidl_typesupport_fastrtps_c.so
-- Set runtime path of "/home/santi/imav_ws/src/window_msg/install/window_msg/lib/libwindow_msg__rosidl_typesupport_fastrtps_c.so" to ""
-- Up-to-date: /home/santi/imav_ws/src/window_msg/install/window_msg/include/window_msg/window_msg
-- Up-to-date: /home/santi/imav_ws/src/window_msg/install/window_msg/include/window_msg/window_msg/msg
-- Up-to-date: /home/santi/imav_ws/src/window_msg/install/window_msg/include/window_msg/window_msg/msg/detail
-- Installing: /home/santi/imav_ws/src/window_msg/install/window_msg/include/window_msg/window_msg/msg/detail/num__builder.hpp
-- Installing: /home/santi/imav_ws/src/window_msg/install/window_msg/include/window_msg/window_msg/msg/detail/sphere__traits.hpp
-- Installing: /home/santi/imav_ws/src/window_msg/install/window_msg/include/window_msg/window_msg/msg/detail/num__traits.hpp
-- Installing: /home/santi/imav_ws/src/window_msg/install/window_msg/include/window_msg/window_msg/msg/detail/sphere__struct.hpp
-- Installing: /home/santi/imav_ws/src/window_msg/install/window_msg/include/window_msg/window_msg/msg/detail/num__struct.hpp
-- Installing: /home/santi/imav_ws/src/window_msg/install/window_msg/include/window_msg/window_msg/msg/detail/sphere__builder.hpp
-- Installing: /home/santi/imav_ws/src/window_msg/install/window_msg/include/window_msg/window_msg/msg/num.hpp
-- Installing: /home/santi/imav_ws/src/window_msg/install/window_msg/include/window_msg/window_msg/msg/sphere.hpp
-- Up-to-date: /home/santi/imav_ws/src/window_msg/install/window_msg/include/window_msg/window_msg
-- Up-to-date: /home/santi/imav_ws/src/window_msg/install/window_msg/include/window_msg/window_msg/msg
-- Up-to-date: /home/santi/imav_ws/src/window_msg/install/window_msg/include/window_msg/window_msg/msg/detail
-- Installing: /home/santi/imav_ws/src/window_msg/install/window_msg/include/window_msg/window_msg/msg/detail/sphere__rosidl_typesupport_fastrtps_cpp.hpp
-- Installing: /home/santi/imav_ws/src/window_msg/install/window_msg/include/window_msg/window_msg/msg/detail/num__rosidl_typesupport_fastrtps_cpp.hpp
-- Installing: /home/santi/imav_ws/src/window_msg/install/window_msg/include/window_msg/window_msg/msg/detail/dds_fastrtps
-- Installing: /home/santi/imav_ws/src/window_msg/install/window_msg/include/window_msg/window_msg/msg/rosidl_typesupport_fastrtps_cpp__visibility_control.h
-- Installing: /home/santi/imav_ws/src/window_msg/install/window_msg/lib/libwindow_msg__rosidl_typesupport_fastrtps_cpp.so
-- Set runtime path of "/home/santi/imav_ws/src/window_msg/install/window_msg/lib/libwindow_msg__rosidl_typesupport_fastrtps_cpp.so" to ""
-- Up-to-date: /home/santi/imav_ws/src/window_msg/install/window_msg/include/window_msg/window_msg
-- Up-to-date: /home/santi/imav_ws/src/window_msg/install/window_msg/include/window_msg/window_msg/msg
-- Up-to-date: /home/santi/imav_ws/src/window_msg/install/window_msg/include/window_msg/window_msg/msg/detail
-- Installing: /home/santi/imav_ws/src/window_msg/install/window_msg/include/window_msg/window_msg/msg/detail/num__rosidl_typesupport_introspection_c.h
-- Installing: /home/santi/imav_ws/src/window_msg/install/window_msg/include/window_msg/window_msg/msg/detail/sphere__type_support.c
-- Installing: /home/santi/imav_ws/src/window_msg/install/window_msg/include/window_msg/window_msg/msg/detail/num__type_support.c
-- Installing: /home/santi/imav_ws/src/window_msg/install/window_msg/include/window_msg/window_msg/msg/detail/sphere__rosidl_typesupport_introspection_c.h
-- Installing: /home/santi/imav_ws/src/window_msg/install/window_msg/include/window_msg/window_msg/msg/rosidl_typesupport_introspection_c__visibility_control.h
-- Installing: /home/santi/imav_ws/src/window_msg/install/window_msg/lib/libwindow_msg__rosidl_typesupport_introspection_c.so
-- Set runtime path of "/home/santi/imav_ws/src/window_msg/install/window_msg/lib/libwindow_msg__rosidl_typesupport_introspection_c.so" to ""
-- Installing: /home/santi/imav_ws/src/window_msg/install/window_msg/lib/libwindow_msg__rosidl_typesupport_c.so
-- Set runtime path of "/home/santi/imav_ws/src/window_msg/install/window_msg/lib/libwindow_msg__rosidl_typesupport_c.so" to ""
-- Up-to-date: /home/santi/imav_ws/src/window_msg/install/window_msg/include/window_msg/window_msg
-- Up-to-date: /home/santi/imav_ws/src/window_msg/install/window_msg/include/window_msg/window_msg/msg
-- Up-to-date: /home/santi/imav_ws/src/window_msg/install/window_msg/include/window_msg/window_msg/msg/detail
-- Installing: /home/santi/imav_ws/src/window_msg/install/window_msg/include/window_msg/window_msg/msg/detail/sphere__rosidl_typesupport_introspection_cpp.hpp
-- Installing: /home/santi/imav_ws/src/window_msg/install/window_msg/include/window_msg/window_msg/msg/detail/num__rosidl_typesupport_introspection_cpp.hpp
-- Installing: /home/santi/imav_ws/src/window_msg/install/window_msg/include/window_msg/window_msg/msg/detail/num__type_support.cpp
-- Installing: /home/santi/imav_ws/src/window_msg/install/window_msg/include/window_msg/window_msg/msg/detail/sphere__type_support.cpp
-- Installing: /home/santi/imav_ws/src/window_msg/install/window_msg/lib/libwindow_msg__rosidl_typesupport_introspection_cpp.so
-- Set runtime path of "/home/santi/imav_ws/src/window_msg/install/window_msg/lib/libwindow_msg__rosidl_typesupport_introspection_cpp.so" to ""
-- Installing: /home/santi/imav_ws/src/window_msg/install/window_msg/lib/libwindow_msg__rosidl_typesupport_cpp.so
-- Set runtime path of "/home/santi/imav_ws/src/window_msg/install/window_msg/lib/libwindow_msg__rosidl_typesupport_cpp.so" to ""
-- Installing: /home/santi/imav_ws/src/window_msg/install/window_msg/share/window_msg/environment/pythonpath.sh
-- Installing: /home/santi/imav_ws/src/window_msg/install/window_msg/share/window_msg/environment/pythonpath.dsv
-- Installing: /home/santi/imav_ws/src/window_msg/install/window_msg/local/lib/python3.10/dist-packages/window_msg-0.0.0-py3.10.egg-info
-- Installing: /home/santi/imav_ws/src/window_msg/install/window_msg/local/lib/python3.10/dist-packages/window_msg-0.0.0-py3.10.egg-info/top_level.txt
-- Installing: /home/santi/imav_ws/src/window_msg/install/window_msg/local/lib/python3.10/dist-packages/window_msg-0.0.0-py3.10.egg-info/dependency_links.txt
-- Installing: /home/santi/imav_ws/src/window_msg/install/window_msg/local/lib/python3.10/dist-packages/window_msg-0.0.0-py3.10.egg-info/SOURCES.txt
-- Installing: /home/santi/imav_ws/src/window_msg/install/window_msg/local/lib/python3.10/dist-packages/window_msg-0.0.0-py3.10.egg-info/PKG-INFO
-- Installing: /home/santi/imav_ws/src/window_msg/install/window_msg/local/lib/python3.10/dist-packages/window_msg
-- Installing: /home/santi/imav_ws/src/window_msg/install/window_msg/local/lib/python3.10/dist-packages/window_msg/msg
-- Installing: /home/santi/imav_ws/src/window_msg/install/window_msg/local/lib/python3.10/dist-packages/window_msg/msg/_num_s.c
-- Installing: /home/santi/imav_ws/src/window_msg/install/window_msg/local/lib/python3.10/dist-packages/window_msg/msg/_num.py
-- Installing: /home/santi/imav_ws/src/window_msg/install/window_msg/local/lib/python3.10/dist-packages/window_msg/msg/_sphere.py
-- Installing: /home/santi/imav_ws/src/window_msg/install/window_msg/local/lib/python3.10/dist-packages/window_msg/msg/_sphere_s.c
-- Installing: /home/santi/imav_ws/src/window_msg/install/window_msg/local/lib/python3.10/dist-packages/window_msg/msg/__init__.py
-- Installing: /home/santi/imav_ws/src/window_msg/install/window_msg/local/lib/python3.10/dist-packages/window_msg/window_msg_s__rosidl_typesupport_introspection_c.cpython-310-x86_64-linux-gnu.so
-- Installing: /home/santi/imav_ws/src/window_msg/install/window_msg/local/lib/python3.10/dist-packages/window_msg/window_msg_s__rosidl_typesupport_c.cpython-310-x86_64-linux-gnu.so
-- Installing: /home/santi/imav_ws/src/window_msg/install/window_msg/local/lib/python3.10/dist-packages/window_msg/_window_msg_s.ep.rosidl_typesupport_c.c
-- Installing: /home/santi/imav_ws/src/window_msg/install/window_msg/local/lib/python3.10/dist-packages/window_msg/_window_msg_s.ep.rosidl_typesupport_fastrtps_c.c
-- Installing: /home/santi/imav_ws/src/window_msg/install/window_msg/local/lib/python3.10/dist-packages/window_msg/libwindow_msg__rosidl_generator_py.so
-- Installing: /home/santi/imav_ws/src/window_msg/install/window_msg/local/lib/python3.10/dist-packages/window_msg/__init__.py
-- Installing: /home/santi/imav_ws/src/window_msg/install/window_msg/local/lib/python3.10/dist-packages/window_msg/_window_msg_s.ep.rosidl_typesupport_introspection_c.c
-- Installing: /home/santi/imav_ws/src/window_msg/install/window_msg/local/lib/python3.10/dist-packages/window_msg/window_msg_s__rosidl_typesupport_fastrtps_c.cpython-310-x86_64-linux-gnu.so
Listing '/home/santi/imav_ws/src/window_msg/install/window_msg/local/lib/python3.10/dist-packages/window_msg'...
Compiling '/home/santi/imav_ws/src/window_msg/install/window_msg/local/lib/python3.10/dist-packages/window_msg/__init__.py'...
Listing '/home/santi/imav_ws/src/window_msg/install/window_msg/local/lib/python3.10/dist-packages/window_msg/msg'...
Compiling '/home/santi/imav_ws/src/window_msg/install/window_msg/local/lib/python3.10/dist-packages/window_msg/msg/__init__.py'...
Compiling '/home/santi/imav_ws/src/window_msg/install/window_msg/local/lib/python3.10/dist-packages/window_msg/msg/_num.py'...
Compiling '/home/santi/imav_ws/src/window_msg/install/window_msg/local/lib/python3.10/dist-packages/window_msg/msg/_sphere.py'...
-- Installing: /home/santi/imav_ws/src/window_msg/install/window_msg/local/lib/python3.10/dist-packages/window_msg/window_msg_s__rosidl_typesupport_fastrtps_c.cpython-310-x86_64-linux-gnu.so
-- Set runtime path of "/home/santi/imav_ws/src/window_msg/install/window_msg/local/lib/python3.10/dist-packages/window_msg/window_msg_s__rosidl_typesupport_fastrtps_c.cpython-310-x86_64-linux-gnu.so" to ""
-- Installing: /home/santi/imav_ws/src/window_msg/install/window_msg/local/lib/python3.10/dist-packages/window_msg/window_msg_s__rosidl_typesupport_introspection_c.cpython-310-x86_64-linux-gnu.so
-- Set runtime path of "/home/santi/imav_ws/src/window_msg/install/window_msg/local/lib/python3.10/dist-packages/window_msg/window_msg_s__rosidl_typesupport_introspection_c.cpython-310-x86_64-linux-gnu.so" to ""
-- Installing: /home/santi/imav_ws/src/window_msg/install/window_msg/local/lib/python3.10/dist-packages/window_msg/window_msg_s__rosidl_typesupport_c.cpython-310-x86_64-linux-gnu.so
-- Set runtime path of "/home/santi/imav_ws/src/window_msg/install/window_msg/local/lib/python3.10/dist-packages/window_msg/window_msg_s__rosidl_typesupport_c.cpython-310-x86_64-linux-gnu.so" to ""
-- Installing: /home/santi/imav_ws/src/window_msg/install/window_msg/lib/libwindow_msg__rosidl_generator_py.so
-- Set runtime path of "/home/santi/imav_ws/src/window_msg/install/window_msg/lib/libwindow_msg__rosidl_generator_py.so" to ""
-- Installing: /home/santi/imav_ws/src/window_msg/install/window_msg/share/window_msg/msg/Num.idl
-- Installing: /home/santi/imav_ws/src/window_msg/install/window_msg/share/window_msg/msg/Sphere.idl
-- Installing: /home/santi/imav_ws/src/window_msg/install/window_msg/share/window_msg/msg/Num.msg
-- Installing: /home/santi/imav_ws/src/window_msg/install/window_msg/share/window_msg/msg/Sphere.msg
-- Installing: /home/santi/imav_ws/src/window_msg/install/window_msg/share/ament_index/resource_index/package_run_dependencies/window_msg
-- Installing: /home/santi/imav_ws/src/window_msg/install/window_msg/share/ament_index/resource_index/parent_prefix_path/window_msg
-- Installing: /home/santi/imav_ws/src/window_msg/install/window_msg/share/window_msg/environment/ament_prefix_path.sh
-- Installing: /home/santi/imav_ws/src/window_msg/install/window_msg/share/window_msg/environment/ament_prefix_path.dsv
-- Installing: /home/santi/imav_ws/src/window_msg/install/window_msg/share/window_msg/environment/path.sh
-- Installing: /home/santi/imav_ws/src/window_msg/install/window_msg/share/window_msg/environment/path.dsv
-- Installing: /home/santi/imav_ws/src/window_msg/install/window_msg/share/window_msg/local_setup.bash
-- Installing: /home/santi/imav_ws/src/window_msg/install/window_msg/share/window_msg/local_setup.sh
-- Installing: /home/santi/imav_ws/src/window_msg/install/window_msg/share/window_msg/local_setup.zsh
-- Installing: /home/santi/imav_ws/src/window_msg/install/window_msg/share/window_msg/local_setup.dsv
-- Installing: /home/santi/imav_ws/src/window_msg/install/window_msg/share/window_msg/package.dsv
-- Installing: /home/santi/imav_ws/src/window_msg/install/window_msg/share/ament_index/resource_index/packages/window_msg
-- Installing: /home/santi/imav_ws/src/window_msg/install/window_msg/share/window_msg/cmake/export_window_msg__rosidl_generator_cExport.cmake
-- Installing: /home/santi/imav_ws/src/window_msg/install/window_msg/share/window_msg/cmake/export_window_msg__rosidl_generator_cExport-noconfig.cmake
-- Installing: /home/santi/imav_ws/src/window_msg/install/window_msg/share/window_msg/cmake/export_window_msg__rosidl_typesupport_fastrtps_cExport.cmake
-- Installing: /home/santi/imav_ws/src/window_msg/install/window_msg/share/window_msg/cmake/export_window_msg__rosidl_typesupport_fastrtps_cExport-noconfig.cmake
-- Installing: /home/santi/imav_ws/src/window_msg/install/window_msg/share/window_msg/cmake/export_window_msg__rosidl_generator_cppExport.cmake
-- Installing: /home/santi/imav_ws/src/window_msg/install/window_msg/share/window_msg/cmake/export_window_msg__rosidl_typesupport_fastrtps_cppExport.cmake
-- Installing: /home/santi/imav_ws/src/window_msg/install/window_msg/share/window_msg/cmake/export_window_msg__rosidl_typesupport_fastrtps_cppExport-noconfig.cmake
-- Installing: /home/santi/imav_ws/src/window_msg/install/window_msg/share/window_msg/cmake/window_msg__rosidl_typesupport_introspection_cExport.cmake
-- Installing: /home/santi/imav_ws/src/window_msg/install/window_msg/share/window_msg/cmake/window_msg__rosidl_typesupport_introspection_cExport-noconfig.cmake
-- Installing: /home/santi/imav_ws/src/window_msg/install/window_msg/share/window_msg/cmake/window_msg__rosidl_typesupport_cExport.cmake
-- Installing: /home/santi/imav_ws/src/window_msg/install/window_msg/share/window_msg/cmake/window_msg__rosidl_typesupport_cExport-noconfig.cmake
-- Installing: /home/santi/imav_ws/src/window_msg/install/window_msg/share/window_msg/cmake/window_msg__rosidl_typesupport_introspection_cppExport.cmake
-- Installing: /home/santi/imav_ws/src/window_msg/install/window_msg/share/window_msg/cmake/window_msg__rosidl_typesupport_introspection_cppExport-noconfig.cmake
-- Installing: /home/santi/imav_ws/src/window_msg/install/window_msg/share/window_msg/cmake/window_msg__rosidl_typesupport_cppExport.cmake
-- Installing: /home/santi/imav_ws/src/window_msg/install/window_msg/share/window_msg/cmake/window_msg__rosidl_typesupport_cppExport-noconfig.cmake
-- Installing: /home/santi/imav_ws/src/window_msg/install/window_msg/share/window_msg/cmake/export_window_msg__rosidl_generator_pyExport.cmake
-- Installing: /home/santi/imav_ws/src/window_msg/install/window_msg/share/window_msg/cmake/export_window_msg__rosidl_generator_pyExport-noconfig.cmake
-- Installing: /home/santi/imav_ws/src/window_msg/install/window_msg/share/window_msg/cmake/rosidl_cmake-extras.cmake
-- Installing: /home/santi/imav_ws/src/window_msg/install/window_msg/share/window_msg/cmake/ament_cmake_export_dependencies-extras.cmake
-- Installing: /home/santi/imav_ws/src/window_msg/install/window_msg/share/window_msg/cmake/ament_cmake_export_include_directories-extras.cmake
-- Installing: /home/santi/imav_ws/src/window_msg/install/window_msg/share/window_msg/cmake/ament_cmake_export_libraries-extras.cmake
-- Installing: /home/santi/imav_ws/src/window_msg/install/window_msg/share/window_msg/cmake/ament_cmake_export_targets-extras.cmake
-- Installing: /home/santi/imav_ws/src/window_msg/install/window_msg/share/window_msg/cmake/rosidl_cmake_export_typesupport_targets-extras.cmake
-- Installing: /home/santi/imav_ws/src/window_msg/install/window_msg/share/window_msg/cmake/rosidl_cmake_export_typesupport_libraries-extras.cmake
-- Installing: /home/santi/imav_ws/src/window_msg/install/window_msg/share/window_msg/cmake/window_msgConfig.cmake
-- Installing: /home/santi/imav_ws/src/window_msg/install/window_msg/share/window_msg/cmake/window_msgConfig-version.cmake
-- Installing: /home/santi/imav_ws/src/window_msg/install/window_msg/share/window_msg/package.xml
